{
  "/home/mircea/code/personal/react-ts-firebase-template/src/App.tsx": {
    "path": "/home/mircea/code/personal/react-ts-firebase-template/src/App.tsx",
    "all": false,
    "statementMap": {
      "0": { "start": { "line": 1, "column": 0 }, "end": { "line": 1, "column": 19 } },
      "1": { "start": { "line": 2, "column": 0 }, "end": { "line": 2, "column": 55 } },
      "2": { "start": { "line": 3, "column": 0 }, "end": { "line": 3, "column": 44 } },
      "3": { "start": { "line": 4, "column": 0 }, "end": { "line": 4, "column": 49 } },
      "4": { "start": { "line": 5, "column": 0 }, "end": { "line": 5, "column": 31 } },
      "5": { "start": { "line": 6, "column": 0 }, "end": { "line": 6, "column": 26 } },
      "6": { "start": { "line": 7, "column": 0 }, "end": { "line": 7, "column": 47 } },
      "7": { "start": { "line": 8, "column": 0 }, "end": { "line": 8, "column": 23 } },
      "8": { "start": { "line": 9, "column": 0 }, "end": { "line": 9, "column": 20 } },
      "9": { "start": { "line": 10, "column": 0 }, "end": { "line": 10, "column": 17 } },
      "10": { "start": { "line": 11, "column": 0 }, "end": { "line": 11, "column": 21 } },
      "11": { "start": { "line": 12, "column": 0 }, "end": { "line": 12, "column": 1 } },
      "12": { "start": { "line": 13, "column": 0 }, "end": { "line": 13, "column": 0 } },
      "13": { "start": { "line": 14, "column": 0 }, "end": { "line": 14, "column": 16 } },
      "14": { "start": { "line": 15, "column": 0 }, "end": { "line": 15, "column": 57 } },
      "15": { "start": { "line": 16, "column": 0 }, "end": { "line": 16, "column": 33 } },
      "16": { "start": { "line": 17, "column": 0 }, "end": { "line": 17, "column": 51 } },
      "17": { "start": { "line": 18, "column": 0 }, "end": { "line": 18, "column": 13 } },
      "18": { "start": { "line": 19, "column": 0 }, "end": { "line": 19, "column": 20 } },
      "19": { "start": { "line": 20, "column": 0 }, "end": { "line": 20, "column": 20 } },
      "20": { "start": { "line": 21, "column": 0 }, "end": { "line": 21, "column": 5 } },
      "21": { "start": { "line": 22, "column": 0 }, "end": { "line": 22, "column": 0 } },
      "22": { "start": { "line": 23, "column": 0 }, "end": { "line": 23, "column": 49 } },
      "23": { "start": { "line": 24, "column": 0 }, "end": { "line": 24, "column": 0 } },
      "24": { "start": { "line": 25, "column": 0 }, "end": { "line": 25, "column": 66 } },
      "25": { "start": { "line": 26, "column": 0 }, "end": { "line": 26, "column": 39 } },
      "26": { "start": { "line": 27, "column": 0 }, "end": { "line": 27, "column": 8 } },
      "27": { "start": { "line": 28, "column": 0 }, "end": { "line": 28, "column": 23 } },
      "28": { "start": { "line": 29, "column": 0 }, "end": { "line": 29, "column": 33 } },
      "29": { "start": { "line": 30, "column": 0 }, "end": { "line": 30, "column": 42 } },
      "30": { "start": { "line": 31, "column": 0 }, "end": { "line": 31, "column": 33 } },
      "31": { "start": { "line": 32, "column": 0 }, "end": { "line": 32, "column": 5 } },
      "32": { "start": { "line": 33, "column": 0 }, "end": { "line": 33, "column": 4 } },
      "33": { "start": { "line": 34, "column": 0 }, "end": { "line": 34, "column": 0 } },
      "34": { "start": { "line": 35, "column": 0 }, "end": { "line": 35, "column": 19 } },
      "35": { "start": { "line": 36, "column": 0 }, "end": { "line": 36, "column": 38 } },
      "36": { "start": { "line": 37, "column": 0 }, "end": { "line": 37, "column": 38 } },
      "37": { "start": { "line": 38, "column": 0 }, "end": { "line": 38, "column": 20 } },
      "38": { "start": { "line": 39, "column": 0 }, "end": { "line": 39, "column": 0 } },
      "39": { "start": { "line": 40, "column": 0 }, "end": { "line": 40, "column": 29 } },
      "40": { "start": { "line": 41, "column": 0 }, "end": { "line": 41, "column": 13 } },
      "41": { "start": { "line": 42, "column": 0 }, "end": { "line": 42, "column": 15 } },
      "42": { "start": { "line": 43, "column": 0 }, "end": { "line": 43, "column": 40 } },
      "43": { "start": { "line": 44, "column": 0 }, "end": { "line": 44, "column": 24 } },
      "44": { "start": { "line": 45, "column": 0 }, "end": { "line": 45, "column": 23 } },
      "45": { "start": { "line": 46, "column": 0 }, "end": { "line": 46, "column": 8 } },
      "46": { "start": { "line": 47, "column": 0 }, "end": { "line": 47, "column": 6 } },
      "47": { "start": { "line": 48, "column": 0 }, "end": { "line": 48, "column": 4 } },
      "48": { "start": { "line": 49, "column": 0 }, "end": { "line": 49, "column": 0 } },
      "49": { "start": { "line": 50, "column": 0 }, "end": { "line": 50, "column": 10 } },
      "50": { "start": { "line": 51, "column": 0 }, "end": { "line": 51, "column": 25 } },
      "51": { "start": { "line": 52, "column": 0 }, "end": { "line": 52, "column": 37 } },
      "52": { "start": { "line": 53, "column": 0 }, "end": { "line": 53, "column": 43 } },
      "53": { "start": { "line": 54, "column": 0 }, "end": { "line": 54, "column": 43 } },
      "54": { "start": { "line": 55, "column": 0 }, "end": { "line": 55, "column": 13 } },
      "55": { "start": { "line": 56, "column": 0 }, "end": { "line": 56, "column": 63 } },
      "56": { "start": { "line": 57, "column": 0 }, "end": { "line": 57, "column": 50 } },
      "57": { "start": { "line": 58, "column": 0 }, "end": { "line": 58, "column": 48 } },
      "58": { "start": { "line": 59, "column": 0 }, "end": { "line": 59, "column": 21 } },
      "59": { "start": { "line": 60, "column": 0 }, "end": { "line": 60, "column": 37 } },
      "60": { "start": { "line": 61, "column": 0 }, "end": { "line": 61, "column": 39 } },
      "61": { "start": { "line": 62, "column": 0 }, "end": { "line": 62, "column": 11 } },
      "62": { "start": { "line": 63, "column": 0 }, "end": { "line": 63, "column": 10 } },
      "63": { "start": { "line": 64, "column": 0 }, "end": { "line": 64, "column": 4 } },
      "64": { "start": { "line": 65, "column": 0 }, "end": { "line": 65, "column": 1 } },
      "65": { "start": { "line": 66, "column": 0 }, "end": { "line": 66, "column": 0 } },
      "66": { "start": { "line": 67, "column": 0 }, "end": { "line": 67, "column": 19 } }
    },
    "s": {
      "0": 1,
      "1": 1,
      "2": 1,
      "3": 1,
      "4": 1,
      "5": 1,
      "6": 1,
      "7": 1,
      "8": 1,
      "9": 1,
      "10": 1,
      "11": 1,
      "12": 1,
      "13": 2,
      "14": 2,
      "15": 2,
      "16": 2,
      "17": 2,
      "18": 2,
      "19": 2,
      "20": 2,
      "21": 2,
      "22": 2,
      "23": 2,
      "24": 2,
      "25": 0,
      "26": 0,
      "27": 0,
      "28": 0,
      "29": 0,
      "30": 0,
      "31": 0,
      "32": 0,
      "33": 2,
      "34": 2,
      "35": 1,
      "36": 1,
      "37": 2,
      "38": 2,
      "39": 2,
      "40": 0,
      "41": 0,
      "42": 0,
      "43": 0,
      "44": 0,
      "45": 0,
      "46": 0,
      "47": 0,
      "48": 2,
      "49": 2,
      "50": 2,
      "51": 2,
      "52": 2,
      "53": 2,
      "54": 2,
      "55": 2,
      "56": 2,
      "57": 2,
      "58": 2,
      "59": 1,
      "60": 0,
      "61": 1,
      "62": 2,
      "63": 2,
      "64": 2,
      "65": 1,
      "66": 1
    },
    "branchMap": {
      "0": {
        "type": "branch",
        "line": 14,
        "loc": { "start": { "line": 14, "column": 0 }, "end": { "line": 65, "column": 1 } },
        "locations": [{ "start": { "line": 14, "column": 0 }, "end": { "line": 65, "column": 1 } }]
      },
      "1": {
        "type": "branch",
        "line": 57,
        "loc": { "start": { "line": 57, "column": 28 }, "end": { "line": 57, "column": 44 } },
        "locations": [
          { "start": { "line": 57, "column": 28 }, "end": { "line": 57, "column": 44 } }
        ]
      },
      "2": {
        "type": "branch",
        "line": 58,
        "loc": { "start": { "line": 58, "column": 27 }, "end": { "line": 58, "column": 42 } },
        "locations": [
          { "start": { "line": 58, "column": 27 }, "end": { "line": 58, "column": 42 } }
        ]
      },
      "3": {
        "type": "branch",
        "line": 59,
        "loc": { "start": { "line": 59, "column": 7 }, "end": { "line": 59, "column": 21 } },
        "locations": [{ "start": { "line": 59, "column": 7 }, "end": { "line": 59, "column": 21 } }]
      },
      "4": {
        "type": "branch",
        "line": 59,
        "loc": { "start": { "line": 59, "column": 14 }, "end": { "line": 62, "column": 11 } },
        "locations": [
          { "start": { "line": 59, "column": 14 }, "end": { "line": 62, "column": 11 } }
        ]
      },
      "5": {
        "type": "branch",
        "line": 15,
        "loc": { "start": { "line": 15, "column": 34 }, "end": { "line": 15, "column": 55 } },
        "locations": [
          { "start": { "line": 15, "column": 34 }, "end": { "line": 15, "column": 55 } }
        ]
      },
      "6": {
        "type": "branch",
        "line": 35,
        "loc": { "start": { "line": 35, "column": 12 }, "end": { "line": 38, "column": 5 } },
        "locations": [{ "start": { "line": 35, "column": 12 }, "end": { "line": 38, "column": 5 } }]
      }
    },
    "b": { "0": [2], "1": [1], "2": [1], "3": [1], "4": [1], "5": [2], "6": [1] },
    "fnMap": {
      "0": {
        "name": "App",
        "decl": { "start": { "line": 14, "column": 0 }, "end": { "line": 65, "column": 1 } },
        "loc": { "start": { "line": 14, "column": 0 }, "end": { "line": 65, "column": 1 } },
        "line": 14
      },
      "1": {
        "name": "submithandler",
        "decl": { "start": { "line": 25, "column": 65 }, "end": { "line": 33, "column": 4 } },
        "loc": { "start": { "line": 25, "column": 65 }, "end": { "line": 33, "column": 4 } },
        "line": 25
      },
      "2": {
        "name": "addMockData",
        "decl": { "start": { "line": 40, "column": 22 }, "end": { "line": 48, "column": 4 } },
        "loc": { "start": { "line": 40, "column": 22 }, "end": { "line": 48, "column": 4 } },
        "line": 40
      }
    },
    "f": { "0": 2, "1": 0, "2": 0 }
  },
  "/home/mircea/code/personal/react-ts-firebase-template/src/api/actions/actions.ts": {
    "path": "/home/mircea/code/personal/react-ts-firebase-template/src/api/actions/actions.ts",
    "all": false,
    "statementMap": {
      "0": { "start": { "line": 1, "column": 0 }, "end": { "line": 1, "column": 57 } },
      "1": { "start": { "line": 2, "column": 0 }, "end": { "line": 2, "column": 49 } },
      "2": { "start": { "line": 3, "column": 0 }, "end": { "line": 3, "column": 0 } },
      "3": { "start": { "line": 4, "column": 0 }, "end": { "line": 4, "column": 41 } },
      "4": { "start": { "line": 5, "column": 0 }, "end": { "line": 5, "column": 88 } },
      "5": { "start": { "line": 6, "column": 0 }, "end": { "line": 6, "column": 0 } },
      "6": { "start": { "line": 7, "column": 0 }, "end": { "line": 7, "column": 16 } },
      "7": { "start": { "line": 8, "column": 0 }, "end": { "line": 8, "column": 22 } },
      "8": { "start": { "line": 9, "column": 0 }, "end": { "line": 9, "column": 4 } },
      "9": { "start": { "line": 10, "column": 0 }, "end": { "line": 10, "column": 0 } },
      "10": { "start": { "line": 11, "column": 0 }, "end": { "line": 11, "column": 7 } },
      "11": { "start": { "line": 12, "column": 0 }, "end": { "line": 12, "column": 22 } },
      "12": { "start": { "line": 13, "column": 0 }, "end": { "line": 13, "column": 17 } },
      "13": { "start": { "line": 14, "column": 0 }, "end": { "line": 14, "column": 21 } },
      "14": { "start": { "line": 15, "column": 0 }, "end": { "line": 15, "column": 3 } },
      "15": { "start": { "line": 16, "column": 0 }, "end": { "line": 16, "column": 2 } },
      "16": { "start": { "line": 17, "column": 0 }, "end": { "line": 17, "column": 0 } },
      "17": { "start": { "line": 18, "column": 0 }, "end": { "line": 18, "column": 28 } }
    },
    "s": {
      "0": 1,
      "1": 1,
      "2": 1,
      "3": 1,
      "4": 0,
      "5": 0,
      "6": 0,
      "7": 0,
      "8": 0,
      "9": 0,
      "10": 0,
      "11": 0,
      "12": 0,
      "13": 0,
      "14": 0,
      "15": 0,
      "16": 1,
      "17": 1
    },
    "branchMap": {},
    "b": {},
    "fnMap": {
      "0": {
        "name": "handleSubmit",
        "decl": { "start": { "line": 4, "column": 21 }, "end": { "line": 16, "column": 2 } },
        "loc": { "start": { "line": 4, "column": 21 }, "end": { "line": 16, "column": 2 } },
        "line": 4
      }
    },
    "f": { "0": 0 }
  },
  "/home/mircea/code/personal/react-ts-firebase-template/src/api/firebase/firebase.ts": {
    "path": "/home/mircea/code/personal/react-ts-firebase-template/src/api/firebase/firebase.ts",
    "all": false,
    "statementMap": {
      "0": { "start": { "line": 1, "column": 0 }, "end": { "line": 1, "column": 55 } },
      "1": { "start": { "line": 2, "column": 0 }, "end": { "line": 2, "column": 45 } },
      "2": { "start": { "line": 3, "column": 0 }, "end": { "line": 3, "column": 51 } },
      "3": { "start": { "line": 4, "column": 0 }, "end": { "line": 4, "column": 40 } },
      "4": { "start": { "line": 5, "column": 0 }, "end": { "line": 5, "column": 24 } },
      "5": { "start": { "line": 6, "column": 0 }, "end": { "line": 6, "column": 35 } },
      "6": { "start": { "line": 7, "column": 0 }, "end": { "line": 7, "column": 47 } },
      "7": { "start": { "line": 8, "column": 0 }, "end": { "line": 8, "column": 43 } },
      "8": { "start": { "line": 9, "column": 0 }, "end": { "line": 9, "column": 45 } },
      "9": { "start": { "line": 10, "column": 0 }, "end": { "line": 10, "column": 50 } },
      "10": { "start": { "line": 11, "column": 0 }, "end": { "line": 11, "column": 52 } },
      "11": { "start": { "line": 12, "column": 0 }, "end": { "line": 12, "column": 36 } },
      "12": { "start": { "line": 13, "column": 0 }, "end": { "line": 13, "column": 2 } },
      "13": { "start": { "line": 14, "column": 0 }, "end": { "line": 14, "column": 0 } },
      "14": { "start": { "line": 15, "column": 0 }, "end": { "line": 15, "column": 22 } },
      "15": { "start": { "line": 16, "column": 0 }, "end": { "line": 16, "column": 42 } },
      "16": { "start": { "line": 17, "column": 0 }, "end": { "line": 17, "column": 43 } }
    },
    "s": {
      "0": 1,
      "1": 1,
      "2": 1,
      "3": 1,
      "4": 1,
      "5": 1,
      "6": 1,
      "7": 1,
      "8": 1,
      "9": 1,
      "10": 1,
      "11": 1,
      "12": 1,
      "13": 1,
      "14": 1,
      "15": 1,
      "16": 1
    },
    "branchMap": {},
    "b": {},
    "fnMap": {
      "0": {
        "name": "get",
        "decl": { "start": { "line": 17, "column": 41 }, "end": { "line": 17, "column": 43 } },
        "loc": { "start": { "line": 17, "column": 41 }, "end": { "line": 17, "column": 43 } },
        "line": 17
      }
    },
    "f": { "0": 0 }
  },
  "/home/mircea/code/personal/react-ts-firebase-template/src/store/slices/users/fetchUsers.ts": {
    "path": "/home/mircea/code/personal/react-ts-firebase-template/src/store/slices/users/fetchUsers.ts",
    "all": false,
    "statementMap": {
      "0": { "start": { "line": 1, "column": 0 }, "end": { "line": 1, "column": 59 } },
      "1": { "start": { "line": 2, "column": 0 }, "end": { "line": 2, "column": 57 } },
      "2": { "start": { "line": 3, "column": 0 }, "end": { "line": 3, "column": 52 } },
      "3": { "start": { "line": 4, "column": 0 }, "end": { "line": 4, "column": 32 } },
      "4": { "start": { "line": 5, "column": 0 }, "end": { "line": 5, "column": 0 } },
      "5": { "start": { "line": 6, "column": 0 }, "end": { "line": 6, "column": 42 } },
      "6": { "start": { "line": 7, "column": 0 }, "end": { "line": 7, "column": 19 } },
      "7": { "start": { "line": 8, "column": 0 }, "end": { "line": 8, "column": 46 } },
      "8": { "start": { "line": 9, "column": 0 }, "end": { "line": 9, "column": 25 } },
      "9": { "start": { "line": 10, "column": 0 }, "end": { "line": 10, "column": 9 } },
      "10": { "start": { "line": 11, "column": 0 }, "end": { "line": 11, "column": 78 } },
      "11": { "start": { "line": 12, "column": 0 }, "end": { "line": 12, "column": 43 } },
      "12": { "start": { "line": 13, "column": 0 }, "end": { "line": 13, "column": 49 } },
      "13": { "start": { "line": 14, "column": 0 }, "end": { "line": 14, "column": 9 } },
      "14": { "start": { "line": 15, "column": 0 }, "end": { "line": 15, "column": 18 } },
      "15": { "start": { "line": 16, "column": 0 }, "end": { "line": 16, "column": 19 } },
      "16": { "start": { "line": 17, "column": 0 }, "end": { "line": 17, "column": 23 } },
      "17": { "start": { "line": 18, "column": 0 }, "end": { "line": 18, "column": 5 } },
      "18": { "start": { "line": 19, "column": 0 }, "end": { "line": 19, "column": 16 } },
      "19": { "start": { "line": 20, "column": 0 }, "end": { "line": 20, "column": 3 } },
      "20": { "start": { "line": 21, "column": 0 }, "end": { "line": 21, "column": 2 } }
    },
    "s": {
      "0": 1,
      "1": 1,
      "2": 1,
      "3": 1,
      "4": 1,
      "5": 1,
      "6": 1,
      "7": 1,
      "8": 0,
      "9": 0,
      "10": 0,
      "11": 0,
      "12": 0,
      "13": 0,
      "14": 0,
      "15": 0,
      "16": 0,
      "17": 0,
      "18": 0,
      "19": 0,
      "20": 0
    },
    "branchMap": {},
    "b": {},
    "fnMap": {
      "0": {
        "name": "get",
        "decl": { "start": { "line": 21, "column": 0 }, "end": { "line": 21, "column": 2 } },
        "loc": { "start": { "line": 21, "column": 0 }, "end": { "line": 21, "column": 2 } },
        "line": 21
      }
    },
    "f": { "0": 0 }
  },
  "/home/mircea/code/personal/react-ts-firebase-template/src/store/slices/users/index.ts": {
    "path": "/home/mircea/code/personal/react-ts-firebase-template/src/store/slices/users/index.ts",
    "all": false,
    "statementMap": {
      "0": { "start": { "line": 1, "column": 0 }, "end": { "line": 1, "column": 62 } },
      "1": { "start": { "line": 2, "column": 0 }, "end": { "line": 2, "column": 41 } },
      "2": { "start": { "line": 3, "column": 0 }, "end": { "line": 3, "column": 0 } },
      "3": { "start": { "line": 4, "column": 0 }, "end": { "line": 4, "column": 30 } },
      "4": { "start": { "line": 5, "column": 0 }, "end": { "line": 5, "column": 12 } },
      "5": { "start": { "line": 6, "column": 0 }, "end": { "line": 6, "column": 21 } },
      "6": { "start": { "line": 7, "column": 0 }, "end": { "line": 7, "column": 20 } },
      "7": { "start": { "line": 8, "column": 0 }, "end": { "line": 8, "column": 1 } },
      "8": { "start": { "line": 9, "column": 0 }, "end": { "line": 9, "column": 0 } },
      "9": { "start": { "line": 10, "column": 0 }, "end": { "line": 10, "column": 27 } },
      "10": { "start": { "line": 11, "column": 0 }, "end": { "line": 11, "column": 15 } },
      "11": { "start": { "line": 12, "column": 0 }, "end": { "line": 12, "column": 17 } },
      "12": { "start": { "line": 13, "column": 0 }, "end": { "line": 13, "column": 13 } },
      "13": { "start": { "line": 14, "column": 0 }, "end": { "line": 14, "column": 21 } },
      "14": { "start": { "line": 15, "column": 0 }, "end": { "line": 15, "column": 19 } },
      "15": { "start": { "line": 16, "column": 0 }, "end": { "line": 16, "column": 4 } },
      "16": { "start": { "line": 17, "column": 0 }, "end": { "line": 17, "column": 13 } },
      "17": { "start": { "line": 18, "column": 0 }, "end": { "line": 18, "column": 7 } },
      "18": { "start": { "line": 19, "column": 0 }, "end": { "line": 19, "column": 54 } },
      "19": { "start": { "line": 20, "column": 0 }, "end": { "line": 20, "column": 19 } },
      "20": { "start": { "line": 21, "column": 0 }, "end": { "line": 21, "column": 20 } },
      "21": { "start": { "line": 22, "column": 0 }, "end": { "line": 22, "column": 29 } },
      "22": { "start": { "line": 23, "column": 0 }, "end": { "line": 23, "column": 7 } },
      "23": { "start": { "line": 24, "column": 0 }, "end": { "line": 24, "column": 34 } },
      "24": { "start": { "line": 25, "column": 0 }, "end": { "line": 25, "column": 15 } },
      "25": { "start": { "line": 26, "column": 0 }, "end": { "line": 26, "column": 23 } },
      "26": { "start": { "line": 27, "column": 0 }, "end": { "line": 27, "column": 6 } },
      "27": { "start": { "line": 28, "column": 0 }, "end": { "line": 28, "column": 4 } },
      "28": { "start": { "line": 29, "column": 0 }, "end": { "line": 29, "column": 26 } },
      "29": { "start": { "line": 30, "column": 0 }, "end": { "line": 30, "column": 76 } },
      "30": { "start": { "line": 31, "column": 0 }, "end": { "line": 31, "column": 29 } },
      "31": { "start": { "line": 32, "column": 0 }, "end": { "line": 32, "column": 7 } },
      "32": { "start": { "line": 33, "column": 0 }, "end": { "line": 33, "column": 22 } },
      "33": { "start": { "line": 34, "column": 0 }, "end": { "line": 34, "column": 28 } },
      "34": { "start": { "line": 35, "column": 0 }, "end": { "line": 35, "column": 87 } },
      "35": { "start": { "line": 36, "column": 0 }, "end": { "line": 36, "column": 40 } },
      "36": { "start": { "line": 37, "column": 0 }, "end": { "line": 37, "column": 34 } },
      "37": { "start": { "line": 38, "column": 0 }, "end": { "line": 38, "column": 38 } },
      "38": { "start": { "line": 39, "column": 0 }, "end": { "line": 39, "column": 9 } },
      "39": { "start": { "line": 40, "column": 0 }, "end": { "line": 40, "column": 8 } },
      "40": { "start": { "line": 41, "column": 0 }, "end": { "line": 41, "column": 79 } },
      "41": { "start": { "line": 42, "column": 0 }, "end": { "line": 42, "column": 30 } },
      "42": { "start": { "line": 43, "column": 0 }, "end": { "line": 43, "column": 32 } },
      "43": { "start": { "line": 44, "column": 0 }, "end": { "line": 44, "column": 9 } },
      "44": { "start": { "line": 45, "column": 0 }, "end": { "line": 45, "column": 3 } },
      "45": { "start": { "line": 46, "column": 0 }, "end": { "line": 46, "column": 3 } },
      "46": { "start": { "line": 47, "column": 0 }, "end": { "line": 47, "column": 29 } },
      "47": { "start": { "line": 48, "column": 0 }, "end": { "line": 48, "column": 41 } }
    },
    "s": {
      "0": 1,
      "1": 1,
      "2": 1,
      "3": 1,
      "4": 1,
      "5": 1,
      "6": 1,
      "7": 1,
      "8": 1,
      "9": 1,
      "10": 1,
      "11": 1,
      "12": 1,
      "13": 1,
      "14": 1,
      "15": 1,
      "16": 1,
      "17": 1,
      "18": 1,
      "19": 1,
      "20": 1,
      "21": 1,
      "22": 1,
      "23": 1,
      "24": 0,
      "25": 0,
      "26": 0,
      "27": 1,
      "28": 1,
      "29": 0,
      "30": 0,
      "31": 0,
      "32": 0,
      "33": 0,
      "34": 0,
      "35": 0,
      "36": 0,
      "37": 0,
      "38": 0,
      "39": 0,
      "40": 0,
      "41": 0,
      "42": 0,
      "43": 0,
      "44": 0,
      "45": 1,
      "46": 1,
      "47": 1
    },
    "branchMap": {},
    "b": {},
    "fnMap": {
      "0": {
        "name": "setData",
        "decl": { "start": { "line": 24, "column": 13 }, "end": { "line": 27, "column": 6 } },
        "loc": { "start": { "line": 24, "column": 13 }, "end": { "line": 27, "column": 6 } },
        "line": 24
      },
      "1": {
        "name": "extraReducers",
        "decl": { "start": { "line": 29, "column": 2 }, "end": { "line": 45, "column": 3 } },
        "loc": { "start": { "line": 29, "column": 2 }, "end": { "line": 45, "column": 3 } },
        "line": 29
      },
      "2": {
        "name": "get",
        "decl": { "start": { "line": 48, "column": 33 }, "end": { "line": 48, "column": 41 } },
        "loc": { "start": { "line": 48, "column": 33 }, "end": { "line": 48, "column": 41 } },
        "line": 48
      }
    },
    "f": { "0": 0, "1": 0, "2": 0 }
  }
}
